<?xml version="1.0" encoding="UTF-8"?>
<!-- Generated by org.testng.reporters.JUnitReportReporter -->
<testsuite hostname="LAPTOP-50R56K36" failures="0" tests="2" name="testNgXML.Testing2" time="0.042" errors="0" timestamp="2022-11-19T16:53:42 IST" skipped="0">
  <testcase classname="testNgXML.Testing2" name="A" time="0.032"/>
  <system-out>
    <![CDATA[A method is running]]>
  </system-out>
  <testcase classname="testNgXML.Testing2" name="D" time="0.010"/>
  <system-out>
    <![CDATA[D method is running]]>
  </system-out>
</testsuite> <!-- testNgXML.Testing2 -->
