<?xml version="1.0" encoding="UTF-8"?>
<!-- Generated by org.testng.reporters.JUnitReportReporter -->
<testsuite hostname="LAPTOP-50R56K36" failures="0" tests="1" name="testNgXML.MyTest1" time="27.084" errors="0" timestamp="2022-11-19T18:56:25 IST" skipped="0">
  <testcase classname="testNgXML.MyTest1" name="f" time="27.084"/>
  <system-out/>
</testsuite> <!-- testNgXML.MyTest1 -->
