<?xml version="1.0" encoding="UTF-8"?>
<!-- Generated by org.testng.reporters.JUnitReportReporter -->
<testsuite hostname="LAPTOP-50R56K36" failures="0" tests="4" name="TestNg_KeyWord.Enabled" time="0.037" errors="0" timestamp="2022-11-18T15:28:46 IST" skipped="1">
  <testcase classname="TestNg_KeyWord.Enabled" name="A" time="0.028"/>
  <system-out>
    <![CDATA[A method is running]]>
  </system-out>
  <testcase classname="TestNg_KeyWord.Enabled" name="B" time="0.005"/>
  <system-out>
    <![CDATA[B method is running]]>
  </system-out>
  <testcase classname="TestNg_KeyWord.Enabled" name="C" time="0.004"/>
  <system-out>
    <![CDATA[C method is running]]>
  </system-out>
  <testcase classname="TestNg_KeyWord.Enabled" name="D">
    <skipped/>
  </testcase> <!-- D -->
  <system-out/>
</testsuite> <!-- TestNg_KeyWord.Enabled -->
