<?xml version="1.0" encoding="UTF-8"?>
<!-- Generated by org.testng.reporters.JUnitReportReporter -->
<testsuite hostname="LAPTOP-50R56K36" failures="0" tests="1" name="TestNG_Study.ValidateUserID1" time="0.017" errors="0" timestamp="2022-11-18T14:58:35 IST" skipped="0">
  <testcase classname="TestNG_Study.ValidateUserID1" name="h" time="0.017"/>
  <system-out>
    <![CDATA[User ID Validate]]>
  </system-out>
</testsuite> <!-- TestNG_Study.ValidateUserID1 -->
