<?xml version="1.0" encoding="UTF-8"?>
<!-- Generated by org.testng.reporters.JUnitReportReporter -->
<testsuite hostname="LAPTOP-50R56K36" failures="0" tests="4" name="TestNg_KeyWord.Priority" time="0.055" errors="0" timestamp="2022-11-18T15:20:16 IST" skipped="0">
  <testcase classname="TestNg_KeyWord.Priority" name="D" time="0.007"/>
  <system-out>
    <![CDATA[D method is running]]>
  </system-out>
  <testcase classname="TestNg_KeyWord.Priority" name="C" time="0.036"/>
  <system-out>
    <![CDATA[C method is running]]>
  </system-out>
  <testcase classname="TestNg_KeyWord.Priority" name="B" time="0.007"/>
  <system-out>
    <![CDATA[B method is running]]>
  </system-out>
  <testcase classname="TestNg_KeyWord.Priority" name="A" time="0.005"/>
  <system-out>
    <![CDATA[A method is running]]>
  </system-out>
</testsuite> <!-- TestNg_KeyWord.Priority -->
