<?xml version="1.0" encoding="UTF-8"?>
<!-- Generated by org.testng.reporters.JUnitReportReporter -->
<testsuite hostname="LAPTOP-50R56K36" failures="0" tests="1" name="TesrNG_VarificationUsing.AssertNotEquals" time="0.034" errors="0" timestamp="2022-11-20T14:56:46 IST" skipped="0">
  <testcase classname="TesrNG_VarificationUsing.AssertNotEquals" name="testing" time="0.034"/>
  <system-out/>
</testsuite> <!-- TesrNG_VarificationUsing.AssertNotEquals -->
