<?xml version="1.0" encoding="UTF-8"?>
<!-- Generated by org.testng.reporters.JUnitReportReporter -->
<testsuite hostname="LAPTOP-50R56K36" failures="0" tests="1" name="TestNG_Study.NewTest" time="0.029" errors="0" timestamp="2022-11-19T07:59:54 IST" skipped="0">
  <testcase classname="TestNG_Study.NewTest" name="f" time="0.029"/>
  <system-out>
    <![CDATA[this is my f method is running]]>
  </system-out>
</testsuite> <!-- TestNG_Study.NewTest -->
