<?xml version="1.0" encoding="UTF-8"?>
<!-- Generated by org.testng.reporters.JUnitReportReporter -->
<testsuite hostname="LAPTOP-50R56K36" failures="0" tests="2" name="testNgXML.Testing1" time="0.013" errors="0" timestamp="2022-11-19T16:36:46 IST" skipped="0">
  <testcase classname="testNgXML.Testing1" name="B" time="0.009"/>
  <system-out>
    <![CDATA[B method is running]]>
  </system-out>
  <testcase classname="testNgXML.Testing1" name="A" time="0.004"/>
  <system-out>
    <![CDATA[A method is running]]>
  </system-out>
</testsuite> <!-- testNgXML.Testing1 -->
