<?xml version="1.0" encoding="UTF-8"?>
<!-- Generated by org.testng.reporters.JUnitReportReporter -->
<testsuite hostname="LAPTOP-50R56K36" failures="0" tests="2" name="testNgXML.Testing3" time="0.024" errors="0" timestamp="2022-11-19T16:53:42 IST" skipped="0">
  <testcase classname="testNgXML.Testing3" name="E" time="0.013"/>
  <system-out>
    <![CDATA[E method is running]]>
  </system-out>
  <testcase classname="testNgXML.Testing3" name="G" time="0.011"/>
  <system-out>
    <![CDATA[G method is running]]>
  </system-out>
</testsuite> <!-- testNgXML.Testing3 -->
