<?xml version="1.0" encoding="UTF-8"?>
<!-- Generated by org.testng.reporters.JUnitReportReporter -->
<testsuite hostname="LAPTOP-50R56K36" failures="0" tests="1" name="TesrNG_VarificationUsing.SoftAssertUse" time="0.073" errors="0" timestamp="2022-11-23T14:58:55 IST" skipped="0">
  <testcase classname="TesrNG_VarificationUsing.SoftAssertUse" name="testing" time="0.073"/>
  <system-out/>
</testsuite> <!-- TesrNG_VarificationUsing.SoftAssertUse -->
