<?xml version="1.0" encoding="UTF-8"?>
<!-- Generated by org.testng.reporters.JUnitReportReporter -->
<testsuite hostname="LAPTOP-50R56K36" failures="0" tests="1" name="testNgXML.Exclude" time="0.187" errors="0" timestamp="2022-11-19T16:36:46 IST" skipped="0">
  <testcase classname="testNgXML.Exclude" name="K" time="0.187"/>
  <system-out>
    <![CDATA[K method is running]]>
  </system-out>
</testsuite> <!-- testNgXML.Exclude -->
