<?xml version="1.0" encoding="UTF-8"?>
<!-- Generated by org.testng.reporters.JUnitReportReporter -->
<testsuite hostname="LAPTOP-50R56K36" failures="0" tests="6" name="TestNg_KeyWord.DependsOnMethods" time="0.286" errors="0" timestamp="2022-11-18T15:41:42 IST" skipped="0">
  <testcase classname="TestNg_KeyWord.DependsOnMethods" name="D" time="0.114"/>
  <system-out>
    <![CDATA[A method is running]]>
  </system-out>
  <testcase classname="TestNg_KeyWord.DependsOnMethods" name="C" time="0.007"/>
  <system-out>
    <![CDATA[C method is running]]>
  </system-out>
  <testcase classname="TestNg_KeyWord.DependsOnMethods" name="A" time="0.012"/>
  <system-out>
    <![CDATA[D method is running]]>
  </system-out>
  <testcase classname="TestNg_KeyWord.DependsOnMethods" name="A" time="0.004"/>
  <system-out>
    <![CDATA[D method is running]]>
  </system-out>
  <testcase classname="TestNg_KeyWord.DependsOnMethods" name="B" time="0.146"/>
  <system-out>
    <![CDATA[B method is running]]>
  </system-out>
  <testcase classname="TestNg_KeyWord.DependsOnMethods" name="A" time="0.003"/>
  <system-out>
    <![CDATA[D method is running]]>
  </system-out>
</testsuite> <!-- TestNg_KeyWord.DependsOnMethods -->
