<?xml version="1.0" encoding="UTF-8"?>
<!-- Generated by org.testng.reporters.JUnitReportReporter -->
<testsuite hostname="LAPTOP-50R56K36" failures="0" tests="1" name="testNgXML.MyTest2" time="26.680" errors="0" timestamp="2022-11-19T18:56:25 IST" skipped="0">
  <testcase classname="testNgXML.MyTest2" name="f1" time="26.680"/>
  <system-out/>
</testsuite> <!-- testNgXML.MyTest2 -->
