<?xml version="1.0" encoding="UTF-8"?>
<!-- Generated by org.testng.reporters.JUnitReportReporter -->
<testsuite hostname="LAPTOP-50R56K36" failures="0" tests="5" name="TestNg_KeyWord.InvocationCount" time="0.061" errors="0" timestamp="2022-11-18T15:04:33 IST" skipped="0">
  <testcase classname="TestNg_KeyWord.InvocationCount" name="myMethod" time="0.004"/>
  <system-out>
    <![CDATA[My method is running]]>
  </system-out>
  <testcase classname="TestNg_KeyWord.InvocationCount" name="myMethod" time="0.005"/>
  <system-out>
    <![CDATA[My method is running]]>
  </system-out>
  <testcase classname="TestNg_KeyWord.InvocationCount" name="myMethod" time="0.029"/>
  <system-out>
    <![CDATA[My method is running]]>
  </system-out>
  <testcase classname="TestNg_KeyWord.InvocationCount" name="myMethod" time="0.009"/>
  <system-out>
    <![CDATA[My method is running]]>
  </system-out>
  <testcase classname="TestNg_KeyWord.InvocationCount" name="myMethod" time="0.014"/>
  <system-out>
    <![CDATA[My method is running]]>
  </system-out>
</testsuite> <!-- TestNg_KeyWord.InvocationCount -->
