<?xml version="1.0" encoding="UTF-8"?>
<!-- Generated by org.testng.reporters.JUnitReportReporter -->
<testsuite hostname="LAPTOP-50R56K36" failures="0" tests="1" name="TesrNG_VarificationUsing.Testing" time="35.485" errors="0" timestamp="2022-11-20T14:43:35 IST" skipped="0">
  <testcase classname="TesrNG_VarificationUsing.Testing" name="verifyCheckboxStatus" time="35.485"/>
  <system-out/>
</testsuite> <!-- TesrNG_VarificationUsing.Testing -->
